<?xml version="1.0" encoding="UTF-8"?>
<!-- Generated by org.testng.reporters.JUnitXMLReporter -->
<testsuite ignored="0" hostname="LAPTOP-NMKFU7QB" failures="1" tests="1" name="Test" time="28.58" errors="0" timestamp="2023-05-23T13:27:06 IST">
  <testcase classname="testCases.TC_001_LoginTest" name="test_login" time="16.093">
    <failure type="java.lang.AssertionError" message="null">
      <![CDATA[java.lang.AssertionError: null
at testCases.TC_001_LoginTest.test_login(TC_001_LoginTest.java:50)
at java.base/java.util.ArrayList.forEach(ArrayList.java:1511)
... Removed 29 stack frames]]>
    </failure>
  </testcase> <!-- test_login -->
</testsuite> <!-- Test -->
