<?xml version="1.0" encoding="UTF-8"?>
<!-- Generated by org.testng.reporters.JUnitXMLReporter -->
<testsuite ignored="1" hostname="LAPTOP-NMKFU7QB" failures="0" tests="2" name="Test" time="0.383" errors="0" timestamp="2023-05-22T22:24:43 IST">
  <testcase classname="testCases.TC_001_LoginTest_Grouping" name="test_sanity" time="0.0"/>
  <testcase classname="testCases.TC_001_LoginTest_Grouping" name="test_smoke" time="0.0"/>
  <testcase classname="testCases.TC_001_LoginTest_Grouping" name="test_regression" time="0.0">
    <ignored/>
  </testcase> <!-- test_regression -->
</testsuite> <!-- Test -->
