<?xml version="1.0" encoding="UTF-8"?>
<testng-results ignored="1" total="3" passed="2" failed="0" skipped="0">
  <reporter-output>
  </reporter-output>
  <suite started-at="2023-05-22T22:24:42 IST" name="Suite" finished-at="2023-05-22T22:24:43 IST" duration-ms="383">
    <groups>
      <group name="smoke">
        <method signature="TC_001_LoginTest_Grouping.test_smoke()[pri:0, instance:testCases.TC_001_LoginTest_Grouping@6d4d66d2]" name="test_smoke" class="testCases.TC_001_LoginTest_Grouping"/>
      </group> <!-- smoke -->
      <group name="sanity">
        <method signature="TC_001_LoginTest_Grouping.test_sanity()[pri:0, instance:testCases.TC_001_LoginTest_Grouping@6d4d66d2]" name="test_sanity" class="testCases.TC_001_LoginTest_Grouping"/>
      </group> <!-- sanity -->
    </groups>
    <test started-at="2023-05-22T22:24:42 IST" name="Test" finished-at="2023-05-22T22:24:43 IST" duration-ms="383">
      <class name="testCases.TC_001_LoginTest_Grouping">
        <test-method signature="test_sanity()[pri:0, instance:testCases.TC_001_LoginTest_Grouping@6d4d66d2]" started-at="2023-05-22T22:24:43 IST" name="test_sanity" finished-at="2023-05-22T22:24:43 IST" duration-ms="0" status="PASS">
          <reporter-output>
          </reporter-output>
        </test-method> <!-- test_sanity -->
        <test-method signature="test_smoke()[pri:0, instance:testCases.TC_001_LoginTest_Grouping@6d4d66d2]" started-at="2023-05-22T22:24:43 IST" name="test_smoke" finished-at="2023-05-22T22:24:43 IST" duration-ms="0" status="PASS">
          <reporter-output>
          </reporter-output>
        </test-method> <!-- test_smoke -->
      </class> <!-- testCases.TC_001_LoginTest_Grouping -->
    </test> <!-- Test -->
  </suite> <!-- Suite -->
</testng-results>
